<?xml version="1.0" encoding="UTF-8"?>

<beans xmlns="http://www.springframework.org/schema/beans"
       xmlns:xsi="http://www.w3.org/2001/XMLSchema-instance"
       xsi:schemaLocation="http://www.springframework.org/schema/beans
    http://www.springframework.org/schema/beans/spring-beans-3.0.xsd">

    <!-- A simple bean definition -->
    <bean id="buffer" class="com.kropla.buffer.DataBufferImpl" >
    </bean>

    <bean id="bufferHandler" class="com.kropla.buffer.SentenceBufferHandler" >
    </bean>

    <bean id="parser" class="com.kropla.parser.LineParser" >
    </bean>


    <!-- more bean definitions go here -->

</beans>